2019-10-25 16:36:15.685  INFO 2036 --- [main] c.n.t.m.MessageSwitchingApplication      : Starting MessageSwitchingApplication on LAP-SSB-0X51569 with PID 2036 (D:\Backup\Project\Java\demoTty\target\classes started by SG0922745 in D:\Backup\Project\Java\demoTty)
2019-10-25 16:36:15.688  INFO 2036 --- [main] c.n.t.m.MessageSwitchingApplication      : No active profile set, falling back to default profiles: default
2019-10-25 16:36:20.578  INFO 2036 --- [main] o.s.b.w.embedded.tomcat.TomcatWebServer  : Tomcat initialized with port(s): 8181 (http)
2019-10-25 16:36:20.618  INFO 2036 --- [main] o.apache.catalina.core.StandardService   : Starting service [Tomcat]
2019-10-25 16:36:20.619  INFO 2036 --- [main] org.apache.catalina.core.StandardEngine  : Starting Servlet Engine: Apache Tomcat/9.0.12
2019-10-25 16:36:20.636  INFO 2036 --- [main] o.a.catalina.core.AprLifecycleListener   : The APR based Apache Tomcat Native library which allows optimal performance in production environments was not found on the java.library.path: [C:\Program Files\Java\jdk1.8.0_161\bin;C:\Windows\Sun\Java\bin;C:\Windows\system32;C:\Windows;C:/Program Files/Java/jre1.8.0_161/bin/server;C:/Program Files/Java/jre1.8.0_161/bin;C:/Program Files/Java/jre1.8.0_161/lib/amd64;C:\Program Files\IBM\MQ\java\lib;C:\Program Files\IBM\MQ\java\lib64;C:\ProgramData\DockerDesktop\version-bin;C:\Program Files\Docker\Docker\Resources\bin;C:\ProgramData\Oracle\Java\javapath;C:\Windows\system32;C:\Windows;C:\Windows\System32\Wbem;C:\Windows\System32\WindowsPowerShell\v1.0\;C:\Windows\System32\OpenSSH\;C:\Program Files (x86)\Sennheiser\SoftphoneSDK\;C:\Program Files (x86)\Intel\Intel(R) Management Engine Components\DAL;C:\Program Files\Intel\Intel(R) Management Engine Components\DAL;D:\Backup\sabre training\apache-maven-3.5.3-bin\apache-maven-3.5.3\bin;C:\Program Files\Java\jdk1.8.0_161\bin;C:\Program Files\IBM\MQ\bin64;C:\Program Files\IBM\MQ\bin;C:\Program Files\IBM\MQ\tools\c\samples\bin64;C:\Program Files\IBM\MQ\tools\c\samples\bin;C:\Users\sg0922745\AppData\Local\Microsoft\WindowsApps;C:\Users\sg0922745\AppData\Local\Programs\Git\cmd;D:\Backup\sabre training\eclipse-jee-oxygen-3a-win32-x86_64\eclipse;;.]
2019-10-25 16:36:20.954  INFO 2036 --- [main] o.a.c.c.C.[Tomcat].[localhost].[/]       : Initializing Spring embedded WebApplicationContext
2019-10-25 16:36:20.954  INFO 2036 --- [main] o.s.web.context.ContextLoader            : Root WebApplicationContext: initialization completed in 5131 ms
2019-10-25 16:36:21.005  INFO 2036 --- [main] o.s.b.w.servlet.ServletRegistrationBean  : Servlet dispatcherServlet mapped to [/]
2019-10-25 16:36:21.011  INFO 2036 --- [main] o.s.b.w.servlet.FilterRegistrationBean   : Mapping filter: 'characterEncodingFilter' to: [/*]
2019-10-25 16:36:21.012  INFO 2036 --- [main] o.s.b.w.servlet.FilterRegistrationBean   : Mapping filter: 'hiddenHttpMethodFilter' to: [/*]
2019-10-25 16:36:21.012  INFO 2036 --- [main] o.s.b.w.servlet.FilterRegistrationBean   : Mapping filter: 'formContentFilter' to: [/*]
2019-10-25 16:36:21.013  INFO 2036 --- [main] o.s.b.w.servlet.FilterRegistrationBean   : Mapping filter: 'requestContextFilter' to: [/*]
2019-10-25 16:36:22.018  INFO 2036 --- [main] pertySourcedRequestMappingHandlerMapping : Mapped URL path [/v2/api-docs] onto method [public org.springframework.http.ResponseEntity<springfox.documentation.spring.web.json.Json> springfox.documentation.swagger2.web.Swagger2Controller.getDocumentation(java.lang.String,javax.servlet.http.HttpServletRequest)]
2019-10-25 16:36:22.283  INFO 2036 --- [main] o.s.s.concurrent.ThreadPoolTaskExecutor  : Initializing ExecutorService 'applicationTaskExecutor'
2019-10-25 16:36:23.341  INFO 2036 --- [main] d.s.w.p.DocumentationPluginsBootstrapper : Context refreshed
2019-10-25 16:36:23.404  INFO 2036 --- [main] d.s.w.p.DocumentationPluginsBootstrapper : Found 1 custom documentation plugin(s)
2019-10-25 16:36:23.502  INFO 2036 --- [main] s.d.s.w.s.ApiListingReferenceScanner     : Scanning for api listing references
2019-10-25 16:36:24.036  INFO 2036 --- [main] o.s.b.w.embedded.tomcat.TomcatWebServer  : Tomcat started on port(s): 8181 (http) with context path ''
2019-10-25 16:36:24.041  INFO 2036 --- [main] c.n.t.m.MessageSwitchingApplication      : Started MessageSwitchingApplication in 9.108 seconds (JVM running for 10.07)
2019-10-25 16:38:27.765  INFO 6432 --- [main] c.n.t.m.MessageSwitchingApplication      : Starting MessageSwitchingApplication on LAP-SSB-0X51569 with PID 6432 (D:\Backup\Project\Java\demoTty\target\classes started by SG0922745 in D:\Backup\Project\Java\demoTty)
2019-10-25 16:38:27.767  INFO 6432 --- [main] c.n.t.m.MessageSwitchingApplication      : No active profile set, falling back to default profiles: default
2019-10-25 16:38:33.303  INFO 6432 --- [main] o.s.b.w.embedded.tomcat.TomcatWebServer  : Tomcat initialized with port(s): 8181 (http)
2019-10-25 16:38:33.374  INFO 6432 --- [main] o.apache.catalina.core.StandardService   : Starting service [Tomcat]
2019-10-25 16:38:33.375  INFO 6432 --- [main] org.apache.catalina.core.StandardEngine  : Starting Servlet Engine: Apache Tomcat/9.0.12
2019-10-25 16:38:33.394  INFO 6432 --- [main] o.a.catalina.core.AprLifecycleListener   : The APR based Apache Tomcat Native library which allows optimal performance in production environments was not found on the java.library.path: [C:\Program Files\Java\jdk1.8.0_161\bin;C:\Windows\Sun\Java\bin;C:\Windows\system32;C:\Windows;C:/Program Files/Java/jre1.8.0_161/bin/server;C:/Program Files/Java/jre1.8.0_161/bin;C:/Program Files/Java/jre1.8.0_161/lib/amd64;C:\Program Files\IBM\MQ\java\lib;C:\Program Files\IBM\MQ\java\lib64;C:\ProgramData\DockerDesktop\version-bin;C:\Program Files\Docker\Docker\Resources\bin;C:\ProgramData\Oracle\Java\javapath;C:\Windows\system32;C:\Windows;C:\Windows\System32\Wbem;C:\Windows\System32\WindowsPowerShell\v1.0\;C:\Windows\System32\OpenSSH\;C:\Program Files (x86)\Sennheiser\SoftphoneSDK\;C:\Program Files (x86)\Intel\Intel(R) Management Engine Components\DAL;C:\Program Files\Intel\Intel(R) Management Engine Components\DAL;D:\Backup\sabre training\apache-maven-3.5.3-bin\apache-maven-3.5.3\bin;C:\Program Files\Java\jdk1.8.0_161\bin;C:\Program Files\IBM\MQ\bin64;C:\Program Files\IBM\MQ\bin;C:\Program Files\IBM\MQ\tools\c\samples\bin64;C:\Program Files\IBM\MQ\tools\c\samples\bin;C:\Users\sg0922745\AppData\Local\Microsoft\WindowsApps;C:\Users\sg0922745\AppData\Local\Programs\Git\cmd;D:\Backup\sabre training\eclipse-jee-oxygen-3a-win32-x86_64\eclipse;;.]
2019-10-25 16:38:33.804  INFO 6432 --- [main] o.a.c.c.C.[Tomcat].[localhost].[/]       : Initializing Spring embedded WebApplicationContext
2019-10-25 16:38:33.804  INFO 6432 --- [main] o.s.web.context.ContextLoader            : Root WebApplicationContext: initialization completed in 5915 ms
2019-10-25 16:38:33.886  INFO 6432 --- [main] o.s.b.w.servlet.ServletRegistrationBean  : Servlet dispatcherServlet mapped to [/]
2019-10-25 16:38:33.895  INFO 6432 --- [main] o.s.b.w.servlet.FilterRegistrationBean   : Mapping filter: 'characterEncodingFilter' to: [/*]
2019-10-25 16:38:33.897  INFO 6432 --- [main] o.s.b.w.servlet.FilterRegistrationBean   : Mapping filter: 'hiddenHttpMethodFilter' to: [/*]
2019-10-25 16:38:33.898  INFO 6432 --- [main] o.s.b.w.servlet.FilterRegistrationBean   : Mapping filter: 'formContentFilter' to: [/*]
2019-10-25 16:38:33.899  INFO 6432 --- [main] o.s.b.w.servlet.FilterRegistrationBean   : Mapping filter: 'requestContextFilter' to: [/*]
2019-10-25 16:38:35.366  INFO 6432 --- [main] pertySourcedRequestMappingHandlerMapping : Mapped URL path [/v2/api-docs] onto method [public org.springframework.http.ResponseEntity<springfox.documentation.spring.web.json.Json> springfox.documentation.swagger2.web.Swagger2Controller.getDocumentation(java.lang.String,javax.servlet.http.HttpServletRequest)]
2019-10-25 16:38:35.744  INFO 6432 --- [main] o.s.s.concurrent.ThreadPoolTaskExecutor  : Initializing ExecutorService 'applicationTaskExecutor'
2019-10-25 16:38:37.727  INFO 6432 --- [main] d.s.w.p.DocumentationPluginsBootstrapper : Context refreshed
2019-10-25 16:38:37.806  INFO 6432 --- [main] d.s.w.p.DocumentationPluginsBootstrapper : Found 1 custom documentation plugin(s)
2019-10-25 16:38:37.908  INFO 6432 --- [main] s.d.s.w.s.ApiListingReferenceScanner     : Scanning for api listing references
2019-10-25 16:38:38.428  INFO 6432 --- [main] o.s.b.w.embedded.tomcat.TomcatWebServer  : Tomcat started on port(s): 8181 (http) with context path ''
2019-10-25 16:38:38.436  INFO 6432 --- [main] c.n.t.m.MessageSwitchingApplication      : Started MessageSwitchingApplication in 11.484 seconds (JVM running for 12.547)
2019-10-25 16:39:16.566  INFO 6432 --- [http-nio-8181-exec-2] o.a.c.c.C.[Tomcat].[localhost].[/]       : Initializing Spring DispatcherServlet 'dispatcherServlet'
2019-10-25 16:39:16.567  INFO 6432 --- [http-nio-8181-exec-2] o.s.web.servlet.DispatcherServlet        : Initializing Servlet 'dispatcherServlet'
2019-10-25 16:39:16.583  INFO 6432 --- [http-nio-8181-exec-2] o.s.web.servlet.DispatcherServlet        : Completed initialization in 16 ms
2019-10-25 16:39:16.754  INFO 6432 --- [http-nio-8181-exec-2] c.n.tty.controller.TtyServiceController  : Reading Input Stream
2019-10-25 16:39:26.504  INFO 6432 --- [http-nio-8181-exec-4] c.n.tty.controller.TtyServiceController  : Reading Input Stream
2019-10-25 16:39:33.634  INFO 6432 --- [http-nio-8181-exec-5] c.n.tty.controller.TtyServiceController  : Reading Input Stream
2019-10-25 16:39:40.010  INFO 6432 --- [http-nio-8181-exec-3] c.n.tty.controller.TtyServiceController  : Reading Input Stream
2019-10-25 16:39:40.012  INFO 6432 --- [http-nio-8181-exec-3] com.niit.tty.service.TyyServiceImpl      : {'id':1, message:[{'sessionId': 1, 'entryType': Y'QD, 'message': HDQBBAA}
{'sessionId': 1, 'entryType': Y'., 'message': HDQBBAA}
{'sessionId': 1, 'entryType': Y', 'message': TEXT HDQBBAA}
{'sessionId': 1, 'entryType': YET, 'message': }
]}
2019-10-25 16:39:40.186  INFO 6432 --- [http-nio-8181-exec-3] com.niit.tty.service.TyyServiceImpl      : <?xml version="1.0" encoding="UTF-8" standalone="yes"?>
<Message>
    <Timestamp>2019-10-25T16:39:40.020+05:30</Timestamp>
    <MessageType>XML</MessageType>
    <AddressLine>
        <Priority>QD</Priority>
        <Destination>HDQBBAA</Destination>
    </AddressLine>
    <Origin>HDQBBAA</Origin>
    <MessageBody>
        <List>TEXT HDQBBAA</List>
    </MessageBody>
</Message>

2019-10-25 16:40:01.676 ERROR 6432 --- [http-nio-8181-exec-3] o.a.c.c.C.[.[.[/].[dispatcherServlet]    : Servlet.service() for servlet [dispatcherServlet] in context with path [] threw exception [Request processing failed; nested exception is com.ibm.msg.client.jms.DetailedIllegalStateRuntimeException: JMSWMQ0018: Failed to connect to queue manager 'QMO00' with connection mode 'Client' and host name '10.14.242.21(2200)'.
Check the queue manager is started and if running in client mode, check there is a listener running. Please see the linked exception for more information.] with root cause

java.net.ConnectException: Connection timed out: connect
	at java.net.DualStackPlainSocketImpl.connect0(Native Method) ~[na:1.8.0_161]
	at java.net.DualStackPlainSocketImpl.socketConnect(DualStackPlainSocketImpl.java:79) ~[na:1.8.0_161]
	at java.net.AbstractPlainSocketImpl.doConnect(AbstractPlainSocketImpl.java:350) ~[na:1.8.0_161]
	at java.net.AbstractPlainSocketImpl.connectToAddress(AbstractPlainSocketImpl.java:206) ~[na:1.8.0_161]
	at java.net.AbstractPlainSocketImpl.connect(AbstractPlainSocketImpl.java:188) ~[na:1.8.0_161]
	at java.net.PlainSocketImpl.connect(PlainSocketImpl.java:172) ~[na:1.8.0_161]
	at java.net.SocksSocketImpl.connect(SocksSocketImpl.java:392) ~[na:1.8.0_161]
	at java.net.Socket.connect(Socket.java:589) ~[na:1.8.0_161]
	at java.net.Socket.connect(Socket.java:538) ~[na:1.8.0_161]
	at com.ibm.mq.jmqi.remote.impl.RemoteTCPConnection$5.run(RemoteTCPConnection.java:832) ~[com.ibm.mq.allclient-9.0.4.0.jar:9.0.4.0 - p904-L171030.1]
	at com.ibm.mq.jmqi.remote.impl.RemoteTCPConnection$5.run(RemoteTCPConnection.java:823) ~[com.ibm.mq.allclient-9.0.4.0.jar:9.0.4.0 - p904-L171030.1]
	at java.security.AccessController.doPrivileged(Native Method) ~[na:1.8.0_161]
	at com.ibm.mq.jmqi.remote.impl.RemoteTCPConnection.connnectUsingLocalAddress(RemoteTCPConnection.java:823) ~[com.ibm.mq.allclient-9.0.4.0.jar:9.0.4.0 - p904-L171030.1]
	at com.ibm.mq.jmqi.remote.impl.RemoteTCPConnection.protocolConnect(RemoteTCPConnection.java:1294) ~[com.ibm.mq.allclient-9.0.4.0.jar:9.0.4.0 - p904-L171030.1]
	at com.ibm.mq.jmqi.remote.impl.RemoteConnection.connect(RemoteConnection.java:892) ~[com.ibm.mq.allclient-9.0.4.0.jar:9.0.4.0 - p904-L171030.1]
	at com.ibm.mq.jmqi.remote.impl.RemoteConnectionSpecification.getSessionFromNewConnection(RemoteConnectionSpecification.java:416) ~[com.ibm.mq.allclient-9.0.4.0.jar:9.0.4.0 - p904-L171030.1]
	at com.ibm.mq.jmqi.remote.impl.RemoteConnectionSpecification.getSession(RemoteConnectionSpecification.java:312) ~[com.ibm.mq.allclient-9.0.4.0.jar:9.0.4.0 - p904-L171030.1]
	at com.ibm.mq.jmqi.remote.impl.RemoteConnectionPool.getSession(RemoteConnectionPool.java:146) ~[com.ibm.mq.allclient-9.0.4.0.jar:9.0.4.0 - p904-L171030.1]
	at com.ibm.mq.jmqi.remote.api.RemoteFAP.jmqiConnect(RemoteFAP.java:1761) ~[com.ibm.mq.allclient-9.0.4.0.jar:9.0.4.0 - p904-L171030.1]
	at com.ibm.mq.jmqi.remote.api.RemoteFAP.jmqiConnect(RemoteFAP.java:1285) ~[com.ibm.mq.allclient-9.0.4.0.jar:9.0.4.0 - p904-L171030.1]
	at com.ibm.mq.ese.jmqi.InterceptedJmqiImpl.jmqiConnect(InterceptedJmqiImpl.java:377) ~[com.ibm.mq.allclient-9.0.4.0.jar:9.0.4.0 - p904-L171030.1]
	at com.ibm.mq.ese.jmqi.ESEJMQI.jmqiConnect(ESEJMQI.java:562) ~[com.ibm.mq.allclient-9.0.4.0.jar:9.0.4.0 - p904-L171030.1]
	at com.ibm.msg.client.wmq.internal.WMQConnection.<init>(WMQConnection.java:357) ~[com.ibm.mq.allclient-9.0.4.0.jar:9.0.4.0 - p904-L171030.1]
	at com.ibm.msg.client.wmq.factories.WMQConnectionFactory.createV7ProviderConnection(WMQConnectionFactory.java:8475) ~[com.ibm.mq.allclient-9.0.4.0.jar:9.0.4.0 - p904-L171030.1]
	at com.ibm.msg.client.wmq.factories.WMQConnectionFactory.createProviderConnection(WMQConnectionFactory.java:7815) ~[com.ibm.mq.allclient-9.0.4.0.jar:9.0.4.0 - p904-L171030.1]
	at com.ibm.msg.client.jms.admin.JmsConnectionFactoryImpl._createConnection(JmsConnectionFactoryImpl.java:303) ~[com.ibm.mq.allclient-9.0.4.0.jar:9.0.4.0 - p904-L171030.1]
	at com.ibm.msg.client.jms.admin.JmsConnectionFactoryImpl.createContext(JmsConnectionFactoryImpl.java:444) ~[com.ibm.mq.allclient-9.0.4.0.jar:9.0.4.0 - p904-L171030.1]
	at com.niit.tty.service.TyyServiceImpl.dataCheck(TyyServiceImpl.java:355) ~[classes/:na]
	at com.niit.tty.service.TyyServiceImpl.marshalling(TyyServiceImpl.java:313) ~[classes/:na]
	at com.niit.tty.service.TyyServiceImpl.sendData(TyyServiceImpl.java:280) ~[classes/:na]
	at com.niit.tty.service.TyyServiceImpl.saveData(TyyServiceImpl.java:170) ~[classes/:na]
	at com.niit.tty.controller.TtyServiceController.postData(TtyServiceController.java:37) ~[classes/:na]
	at sun.reflect.NativeMethodAccessorImpl.invoke0(Native Method) ~[na:1.8.0_161]
	at sun.reflect.NativeMethodAccessorImpl.invoke(NativeMethodAccessorImpl.java:62) ~[na:1.8.0_161]
	at sun.reflect.DelegatingMethodAccessorImpl.invoke(DelegatingMethodAccessorImpl.java:43) ~[na:1.8.0_161]
	at java.lang.reflect.Method.invoke(Method.java:498) ~[na:1.8.0_161]
	at org.springframework.web.method.support.InvocableHandlerMethod.doInvoke(InvocableHandlerMethod.java:215) ~[spring-web-5.1.2.RELEASE.jar:5.1.2.RELEASE]
	at org.springframework.web.method.support.InvocableHandlerMethod.invokeForRequest(InvocableHandlerMethod.java:142) ~[spring-web-5.1.2.RELEASE.jar:5.1.2.RELEASE]
	at org.springframework.web.servlet.mvc.method.annotation.ServletInvocableHandlerMethod.invokeAndHandle(ServletInvocableHandlerMethod.java:102) ~[spring-webmvc-5.1.2.RELEASE.jar:5.1.2.RELEASE]
	at org.springframework.web.servlet.mvc.method.annotation.RequestMappingHandlerAdapter.invokeHandlerMethod(RequestMappingHandlerAdapter.java:895) ~[spring-webmvc-5.1.2.RELEASE.jar:5.1.2.RELEASE]
	at org.springframework.web.servlet.mvc.method.annotation.RequestMappingHandlerAdapter.handleInternal(RequestMappingHandlerAdapter.java:800) ~[spring-webmvc-5.1.2.RELEASE.jar:5.1.2.RELEASE]
	at org.springframework.web.servlet.mvc.method.AbstractHandlerMethodAdapter.handle(AbstractHandlerMethodAdapter.java:87) ~[spring-webmvc-5.1.2.RELEASE.jar:5.1.2.RELEASE]
	at org.springframework.web.servlet.DispatcherServlet.doDispatch(DispatcherServlet.java:1038) ~[spring-webmvc-5.1.2.RELEASE.jar:5.1.2.RELEASE]
	at org.springframework.web.servlet.DispatcherServlet.doService(DispatcherServlet.java:942) ~[spring-webmvc-5.1.2.RELEASE.jar:5.1.2.RELEASE]
	at org.springframework.web.servlet.FrameworkServlet.processRequest(FrameworkServlet.java:998) ~[spring-webmvc-5.1.2.RELEASE.jar:5.1.2.RELEASE]
	at org.springframework.web.servlet.FrameworkServlet.doPost(FrameworkServlet.java:901) ~[spring-webmvc-5.1.2.RELEASE.jar:5.1.2.RELEASE]
	at javax.servlet.http.HttpServlet.service(HttpServlet.java:660) ~[tomcat-embed-core-9.0.12.jar:9.0.12]
	at org.springframework.web.servlet.FrameworkServlet.service(FrameworkServlet.java:875) ~[spring-webmvc-5.1.2.RELEASE.jar:5.1.2.RELEASE]
	at javax.servlet.http.HttpServlet.service(HttpServlet.java:741) ~[tomcat-embed-core-9.0.12.jar:9.0.12]
	at org.apache.catalina.core.ApplicationFilterChain.internalDoFilter(ApplicationFilterChain.java:231) ~[tomcat-embed-core-9.0.12.jar:9.0.12]
	at org.apache.catalina.core.ApplicationFilterChain.doFilter(ApplicationFilterChain.java:166) ~[tomcat-embed-core-9.0.12.jar:9.0.12]
	at org.apache.tomcat.websocket.server.WsFilter.doFilter(WsFilter.java:53) ~[tomcat-embed-websocket-9.0.12.jar:9.0.12]
	at org.apache.catalina.core.ApplicationFilterChain.internalDoFilter(ApplicationFilterChain.java:193) ~[tomcat-embed-core-9.0.12.jar:9.0.12]
	at org.apache.catalina.core.ApplicationFilterChain.doFilter(ApplicationFilterChain.java:166) ~[tomcat-embed-core-9.0.12.jar:9.0.12]
	at org.springframework.web.filter.RequestContextFilter.doFilterInternal(RequestContextFilter.java:99) ~[spring-web-5.1.2.RELEASE.jar:5.1.2.RELEASE]
	at org.springframework.web.filter.OncePerRequestFilter.doFilter(OncePerRequestFilter.java:107) ~[spring-web-5.1.2.RELEASE.jar:5.1.2.RELEASE]
	at org.apache.catalina.core.ApplicationFilterChain.internalDoFilter(ApplicationFilterChain.java:193) ~[tomcat-embed-core-9.0.12.jar:9.0.12]
	at org.apache.catalina.core.ApplicationFilterChain.doFilter(ApplicationFilterChain.java:166) ~[tomcat-embed-core-9.0.12.jar:9.0.12]
	at org.springframework.web.filter.FormContentFilter.doFilterInternal(FormContentFilter.java:92) ~[spring-web-5.1.2.RELEASE.jar:5.1.2.RELEASE]
	at org.springframework.web.filter.OncePerRequestFilter.doFilter(OncePerRequestFilter.java:107) ~[spring-web-5.1.2.RELEASE.jar:5.1.2.RELEASE]
	at org.apache.catalina.core.ApplicationFilterChain.internalDoFilter(ApplicationFilterChain.java:193) ~[tomcat-embed-core-9.0.12.jar:9.0.12]
	at org.apache.catalina.core.ApplicationFilterChain.doFilter(ApplicationFilterChain.java:166) ~[tomcat-embed-core-9.0.12.jar:9.0.12]
	at org.springframework.web.filter.HiddenHttpMethodFilter.doFilterInternal(HiddenHttpMethodFilter.java:93) ~[spring-web-5.1.2.RELEASE.jar:5.1.2.RELEASE]
	at org.springframework.web.filter.OncePerRequestFilter.doFilter(OncePerRequestFilter.java:107) ~[spring-web-5.1.2.RELEASE.jar:5.1.2.RELEASE]
	at org.apache.catalina.core.ApplicationFilterChain.internalDoFilter(ApplicationFilterChain.java:193) ~[tomcat-embed-core-9.0.12.jar:9.0.12]
	at org.apache.catalina.core.ApplicationFilterChain.doFilter(ApplicationFilterChain.java:166) ~[tomcat-embed-core-9.0.12.jar:9.0.12]
	at org.springframework.web.filter.CharacterEncodingFilter.doFilterInternal(CharacterEncodingFilter.java:200) ~[spring-web-5.1.2.RELEASE.jar:5.1.2.RELEASE]
	at org.springframework.web.filter.OncePerRequestFilter.doFilter(OncePerRequestFilter.java:107) ~[spring-web-5.1.2.RELEASE.jar:5.1.2.RELEASE]
	at org.apache.catalina.core.ApplicationFilterChain.internalDoFilter(ApplicationFilterChain.java:193) ~[tomcat-embed-core-9.0.12.jar:9.0.12]
	at org.apache.catalina.core.ApplicationFilterChain.doFilter(ApplicationFilterChain.java:166) ~[tomcat-embed-core-9.0.12.jar:9.0.12]
	at org.apache.catalina.core.StandardWrapperValve.invoke(StandardWrapperValve.java:199) ~[tomcat-embed-core-9.0.12.jar:9.0.12]
	at org.apache.catalina.core.StandardContextValve.invoke(StandardContextValve.java:96) [tomcat-embed-core-9.0.12.jar:9.0.12]
	at org.apache.catalina.authenticator.AuthenticatorBase.invoke(AuthenticatorBase.java:490) [tomcat-embed-core-9.0.12.jar:9.0.12]
	at org.apache.catalina.core.StandardHostValve.invoke(StandardHostValve.java:139) [tomcat-embed-core-9.0.12.jar:9.0.12]
	at org.apache.catalina.valves.ErrorReportValve.invoke(ErrorReportValve.java:92) [tomcat-embed-core-9.0.12.jar:9.0.12]
	at org.apache.catalina.core.StandardEngineValve.invoke(StandardEngineValve.java:74) [tomcat-embed-core-9.0.12.jar:9.0.12]
	at org.apache.catalina.connector.CoyoteAdapter.service(CoyoteAdapter.java:343) [tomcat-embed-core-9.0.12.jar:9.0.12]
	at org.apache.coyote.http11.Http11Processor.service(Http11Processor.java:408) [tomcat-embed-core-9.0.12.jar:9.0.12]
	at org.apache.coyote.AbstractProcessorLight.process(AbstractProcessorLight.java:66) [tomcat-embed-core-9.0.12.jar:9.0.12]
	at org.apache.coyote.AbstractProtocol$ConnectionHandler.process(AbstractProtocol.java:770) [tomcat-embed-core-9.0.12.jar:9.0.12]
	at org.apache.tomcat.util.net.NioEndpoint$SocketProcessor.doRun(NioEndpoint.java:1415) [tomcat-embed-core-9.0.12.jar:9.0.12]
	at org.apache.tomcat.util.net.SocketProcessorBase.run(SocketProcessorBase.java:49) [tomcat-embed-core-9.0.12.jar:9.0.12]
	at java.util.concurrent.ThreadPoolExecutor.runWorker(ThreadPoolExecutor.java:1149) [na:1.8.0_161]
	at java.util.concurrent.ThreadPoolExecutor$Worker.run(ThreadPoolExecutor.java:624) [na:1.8.0_161]
	at org.apache.tomcat.util.threads.TaskThread$WrappingRunnable.run(TaskThread.java:61) [tomcat-embed-core-9.0.12.jar:9.0.12]
	at java.lang.Thread.run(Thread.java:748) [na:1.8.0_161]

